2025-09-05 22:03:11,158 [Worker-5: Loading available Gradle versions] INFO  o.e.b.c.i.u.g.PublishedGradleVersions - Gradle version information cache is not available. Remote download required.
2025-09-05 22:05:02,887 [Worker-7: Import Getting Started Content] INFO  o.e.m.c.i.l.LifecycleMappingFactory - Using org.maven.ide.eclipse.wtp.WarLifecycleMapping lifecycle mapping for MavenProject: com.klef.dev:FOOTBALLSPRINGBOOT:0.0.1-SNAPSHOT @ C:\JENKINS PRACTICE\FOOTBALLSPRINGBOOT\pom.xml.
2025-09-05 22:05:04,667 [Worker-7: Import Getting Started Content] INFO  o.e.m.j.i.AbstractJavaProjectConfigurator - Adding source folder /FOOTBALLSPRINGBOOT/src/main/java
2025-09-05 22:05:04,669 [Worker-7: Import Getting Started Content] INFO  o.e.m.j.i.AbstractJavaProjectConfigurator - Adding resource folder /FOOTBALLSPRINGBOOT/src/main/resources
2025-09-05 22:05:04,675 [Worker-7: Import Getting Started Content] INFO  o.e.m.j.i.AbstractJavaProjectConfigurator - Adding resource folder /FOOTBALLSPRINGBOOT/src/main/resources
2025-09-05 22:05:04,680 [Worker-7: Import Getting Started Content] INFO  o.e.m.j.i.AbstractJavaProjectConfigurator - Adding source folder /FOOTBALLSPRINGBOOT/src/test/java
2025-09-05 22:05:04,681 [Worker-7: Import Getting Started Content] INFO  o.e.m.j.i.AbstractJavaProjectConfigurator - Adding resource folder /FOOTBALLSPRINGBOOT/src/test/resources
2025-09-05 22:05:08,542 [Worker-7: Import Getting Started Content] INFO  o.e.m.c.i.p.ProjectConfigurationManager - Imported and configured 1 project(s) in 7 sec
2025-09-05 22:05:08,553 [Worker-7: Import Getting Started Content] INFO  o.e.m.c.i.p.ProjectConfigurationManager - Update started
2025-09-05 22:05:09,431 [Worker-7: Import Getting Started Content] INFO  o.e.m.c.i.l.LifecycleMappingFactory - Using org.maven.ide.eclipse.wtp.WarLifecycleMapping lifecycle mapping for MavenProject: com.klef.dev:FOOTBALLSPRINGBOOT:0.0.1-SNAPSHOT @ C:\JENKINS PRACTICE\FOOTBALLSPRINGBOOT\pom.xml.
2025-09-05 22:05:10,693 [Worker-7: Import Getting Started Content] INFO  o.e.m.j.i.AbstractJavaProjectConfigurator - Adding source folder /FOOTBALLSPRINGBOOT/src/main/java
2025-09-05 22:05:10,694 [Worker-7: Import Getting Started Content] INFO  o.e.m.j.i.AbstractJavaProjectConfigurator - Adding resource folder /FOOTBALLSPRINGBOOT/src/main/resources
2025-09-05 22:05:10,695 [Worker-7: Import Getting Started Content] INFO  o.e.m.j.i.AbstractJavaProjectConfigurator - Adding resource folder /FOOTBALLSPRINGBOOT/src/main/resources
2025-09-05 22:05:10,696 [Worker-7: Import Getting Started Content] INFO  o.e.m.j.i.AbstractJavaProjectConfigurator - Adding source folder /FOOTBALLSPRINGBOOT/src/test/java
2025-09-05 22:05:10,697 [Worker-7: Import Getting Started Content] INFO  o.e.m.j.i.AbstractJavaProjectConfigurator - Adding resource folder /FOOTBALLSPRINGBOOT/src/test/resources
2025-09-05 22:05:12,573 [Worker-7: Import Getting Started Content] INFO  o.e.m.w.i.f.ResourceFilteringBuildParticipant - Cleaning filtered folder for FOOTBALLSPRINGBOOT
2025-09-05 22:05:12,610 [Worker-7: Import Getting Started Content] INFO  o.e.m.c.i.p.ProjectConfigurationManager - Update completed for 1 poms: local refresh takes 0.00 sec, refresh facades takes 2.00 sec, update config takes 1.00 sec 
2025-09-05 22:05:14,028 [Worker-19: Building] INFO  o.a.m.s.f.DefaultMavenResourcesFiltering - Copying 1 resource from src\main\resources to target\classes
2025-09-05 22:05:14,161 [Worker-19: Building] INFO  o.a.m.s.f.DefaultMavenResourcesFiltering - Copying 0 resource from src\main\resources to target\classes
2025-09-05 22:05:14,178 [Worker-19: Building] INFO  o.a.m.s.f.DefaultMavenResourcesFiltering - skip non existing resourceDirectory C:\JENKINS PRACTICE\FOOTBALLSPRINGBOOT\src\test\resources
2025-09-05 22:05:14,179 [Worker-19: Building] INFO  o.e.m.w.i.f.ResourceFilteringBuildParticipant - Changed resources require a complete clean of filtered resources of FOOTBALLSPRINGBOOT
2025-09-05 22:05:14,182 [Worker-19: Building] INFO  o.e.m.w.i.f.ResourceFilteringBuildParticipant - Executing resource filtering for FOOTBALLSPRINGBOOT
2025-09-05 22:10:07,871 [Worker-4: Building] INFO  o.a.m.s.f.DefaultMavenResourcesFiltering - Copying 1 resource from src\main\resources to target\classes
2025-09-05 22:10:07,954 [Worker-4: Building] INFO  o.a.m.s.f.DefaultMavenResourcesFiltering - Copying 0 resource from src\main\resources to target\classes
2025-09-05 22:10:07,959 [Worker-4: Building] INFO  o.a.m.s.f.DefaultMavenResourcesFiltering - skip non existing resourceDirectory C:\JENKINS PRACTICE\FOOTBALLSPRINGBOOT\src\test\resources
2025-09-05 22:11:00,490 [Worker-20: Building] INFO  o.a.m.s.f.DefaultMavenResourcesFiltering - Copying 1 resource from src\main\resources to target\classes
2025-09-05 22:11:00,541 [Worker-20: Building] INFO  o.a.m.s.f.DefaultMavenResourcesFiltering - Copying 0 resource from src\main\resources to target\classes
2025-09-05 22:11:00,546 [Worker-20: Building] INFO  o.a.m.s.f.DefaultMavenResourcesFiltering - skip non existing resourceDirectory C:\JENKINS PRACTICE\FOOTBALLSPRINGBOOT\src\test\resources
2025-09-05 22:11:36,647 [Worker-10: Building] INFO  o.a.m.s.f.DefaultMavenResourcesFiltering - Copying 1 resource from src\main\resources to target\classes
2025-09-05 22:11:36,656 [Worker-10: Building] INFO  o.a.m.s.f.DefaultMavenResourcesFiltering - Copying 0 resource from src\main\resources to target\classes
2025-09-05 22:11:36,662 [Worker-10: Building] INFO  o.a.m.s.f.DefaultMavenResourcesFiltering - skip non existing resourceDirectory C:\JENKINS PRACTICE\FOOTBALLSPRINGBOOT\src\test\resources
2025-09-05 22:12:03,526 [Worker-19: Building] INFO  o.a.m.s.f.DefaultMavenResourcesFiltering - Copying 1 resource from src\main\resources to target\classes
2025-09-05 22:12:03,540 [Worker-19: Building] INFO  o.a.m.s.f.DefaultMavenResourcesFiltering - Copying 0 resource from src\main\resources to target\classes
2025-09-05 22:12:03,555 [Worker-19: Building] INFO  o.a.m.s.f.DefaultMavenResourcesFiltering - skip non existing resourceDirectory C:\JENKINS PRACTICE\FOOTBALLSPRINGBOOT\src\test\resources
2025-09-05 22:12:44,032 [Worker-5: Building] INFO  o.a.m.s.f.DefaultMavenResourcesFiltering - Copying 1 resource from src\main\resources to target\classes
2025-09-05 22:12:44,042 [Worker-5: Building] INFO  o.a.m.s.f.DefaultMavenResourcesFiltering - Copying 0 resource from src\main\resources to target\classes
2025-09-05 22:12:44,047 [Worker-5: Building] INFO  o.a.m.s.f.DefaultMavenResourcesFiltering - skip non existing resourceDirectory C:\JENKINS PRACTICE\FOOTBALLSPRINGBOOT\src\test\resources
2025-09-05 22:13:55,829 [Worker-5: Building] INFO  o.a.m.s.f.DefaultMavenResourcesFiltering - Copying 1 resource from src\main\resources to target\classes
2025-09-05 22:13:55,912 [Worker-5: Building] INFO  o.a.m.s.f.DefaultMavenResourcesFiltering - Copying 0 resource from src\main\resources to target\classes
2025-09-05 22:13:55,917 [Worker-5: Building] INFO  o.a.m.s.f.DefaultMavenResourcesFiltering - skip non existing resourceDirectory C:\JENKINS PRACTICE\FOOTBALLSPRINGBOOT\src\test\resources
2025-09-05 22:32:05,009 [Worker-30: Building] INFO  o.a.m.s.f.DefaultMavenResourcesFiltering - Copying 1 resource from src\main\resources to target\classes
2025-09-05 22:32:05,042 [Worker-30: Building] INFO  o.a.m.s.f.DefaultMavenResourcesFiltering - Copying 0 resource from src\main\resources to target\classes
2025-09-05 22:32:05,048 [Worker-30: Building] INFO  o.a.m.s.f.DefaultMavenResourcesFiltering - skip non existing resourceDirectory C:\JENKINS PRACTICE\FOOTBALLSPRINGBOOT\src\test\resources
2025-09-05 22:33:53,935 [Worker-19: Building] INFO  o.a.m.s.f.DefaultMavenResourcesFiltering - Copying 1 resource from src\main\resources to target\classes
2025-09-05 22:33:54,041 [Worker-19: Building] INFO  o.a.m.s.f.DefaultMavenResourcesFiltering - Copying 0 resource from src\main\resources to target\classes
2025-09-05 22:33:54,050 [Worker-19: Building] INFO  o.a.m.s.f.DefaultMavenResourcesFiltering - skip non existing resourceDirectory C:\JENKINS PRACTICE\FOOTBALLSPRINGBOOT\src\test\resources
2025-09-05 22:39:40,690 [Worker-30: Building] INFO  o.a.m.s.f.DefaultMavenResourcesFiltering - Copying 1 resource from src\main\resources to target\classes
2025-09-05 22:39:40,868 [Worker-30: Building] INFO  o.a.m.s.f.DefaultMavenResourcesFiltering - Copying 0 resource from src\main\resources to target\classes
2025-09-05 22:39:40,877 [Worker-30: Building] INFO  o.a.m.s.f.DefaultMavenResourcesFiltering - skip non existing resourceDirectory C:\JENKINS PRACTICE\FOOTBALLSPRINGBOOT\src\test\resources
2025-09-05 22:43:23,099 [Worker-25: Building] INFO  o.a.m.s.f.DefaultMavenResourcesFiltering - Copying 1 resource from src\main\resources to target\classes
2025-09-05 22:43:23,145 [Worker-25: Building] INFO  o.a.m.s.f.DefaultMavenResourcesFiltering - Copying 0 resource from src\main\resources to target\classes
2025-09-05 22:43:23,151 [Worker-25: Building] INFO  o.a.m.s.f.DefaultMavenResourcesFiltering - skip non existing resourceDirectory C:\JENKINS PRACTICE\FOOTBALLSPRINGBOOT\src\test\resources
2025-09-05 22:49:46,642 [Worker-24: Building] INFO  o.a.m.s.f.DefaultMavenResourcesFiltering - Copying 1 resource from src\main\resources to target\classes
2025-09-05 22:49:46,760 [Worker-24: Building] INFO  o.a.m.s.f.DefaultMavenResourcesFiltering - Copying 0 resource from src\main\resources to target\classes
2025-09-05 22:49:46,766 [Worker-24: Building] INFO  o.a.m.s.f.DefaultMavenResourcesFiltering - skip non existing resourceDirectory C:\JENKINS PRACTICE\FOOTBALLSPRINGBOOT\src\test\resources
2025-09-05 23:46:17,646 [Worker-20: Building] INFO  o.e.m.c.i.l.LifecycleMappingFactory - Using org.maven.ide.eclipse.wtp.WarLifecycleMapping lifecycle mapping for MavenProject: com.klef.dev:FOOTBALLSPRINGBOOT:0.0.1-SNAPSHOT @ C:\JENKINS PRACTICE\FOOTBALLSPRINGBOOT\pom.xml.
2025-09-05 23:46:23,772 [Worker-20: Building] INFO  o.a.m.s.f.DefaultMavenResourcesFiltering - Copying 0 resource from src\main\resources to target\classes
2025-09-05 23:46:23,777 [Worker-20: Building] INFO  o.a.m.s.f.DefaultMavenResourcesFiltering - Copying 0 resource from src\main\resources to target\classes
2025-09-05 23:46:23,789 [Worker-20: Building] INFO  o.a.m.s.f.DefaultMavenResourcesFiltering - skip non existing resourceDirectory C:\JENKINS PRACTICE\FOOTBALLSPRINGBOOT\src\test\resources
2025-09-05 23:46:23,791 [Worker-20: Building] INFO  o.e.m.w.i.f.ResourceFilteringBuildParticipant - Changed resources require a complete clean of filtered resources of FOOTBALLSPRINGBOOT
2025-09-05 23:46:23,792 [Worker-20: Building] INFO  o.e.m.w.i.f.ResourceFilteringBuildParticipant - Executing resource filtering for FOOTBALLSPRINGBOOT
2025-09-05 23:46:27,610 [Worker-32: Building] INFO  o.e.m.c.i.l.LifecycleMappingFactory - Using org.maven.ide.eclipse.wtp.WarLifecycleMapping lifecycle mapping for MavenProject: com.klef.dev:FOOTBALLSPRINGBOOT:0.0.1-SNAPSHOT @ C:\JENKINS PRACTICE\FOOTBALLSPRINGBOOT\pom.xml.
2025-09-05 23:46:28,105 [Worker-32: Building] INFO  o.a.m.s.f.DefaultMavenResourcesFiltering - Copying 0 resource from src\main\resources to target\classes
2025-09-05 23:46:28,109 [Worker-32: Building] INFO  o.a.m.s.f.DefaultMavenResourcesFiltering - Copying 0 resource from src\main\resources to target\classes
2025-09-05 23:46:28,115 [Worker-32: Building] INFO  o.a.m.s.f.DefaultMavenResourcesFiltering - skip non existing resourceDirectory C:\JENKINS PRACTICE\FOOTBALLSPRINGBOOT\src\test\resources
2025-09-05 23:46:28,116 [Worker-32: Building] INFO  o.e.m.w.i.f.ResourceFilteringBuildParticipant - Changed resources require a complete clean of filtered resources of FOOTBALLSPRINGBOOT
2025-09-05 23:46:28,117 [Worker-32: Building] INFO  o.e.m.w.i.f.ResourceFilteringBuildParticipant - Executing resource filtering for FOOTBALLSPRINGBOOT
2025-09-05 23:46:30,911 [Worker-25: Building] INFO  o.e.m.c.i.l.LifecycleMappingFactory - Using org.maven.ide.eclipse.wtp.WarLifecycleMapping lifecycle mapping for MavenProject: com.klef.dev:FOOTBALLSPRINGBOOT:0.0.1-SNAPSHOT @ C:\JENKINS PRACTICE\FOOTBALLSPRINGBOOT\pom.xml.
2025-09-05 23:46:32,246 [Worker-25: Building] INFO  o.a.m.s.f.DefaultMavenResourcesFiltering - Copying 0 resource from src\main\resources to target\classes
2025-09-05 23:46:32,248 [Worker-25: Building] INFO  o.a.m.s.f.DefaultMavenResourcesFiltering - Copying 0 resource from src\main\resources to target\classes
2025-09-05 23:46:32,254 [Worker-25: Building] INFO  o.a.m.s.f.DefaultMavenResourcesFiltering - skip non existing resourceDirectory C:\JENKINS PRACTICE\FOOTBALLSPRINGBOOT\src\test\resources
2025-09-05 23:46:32,254 [Worker-25: Building] INFO  o.e.m.w.i.f.ResourceFilteringBuildParticipant - Changed resources require a complete clean of filtered resources of FOOTBALLSPRINGBOOT
2025-09-05 23:46:32,254 [Worker-25: Building] INFO  o.e.m.w.i.f.ResourceFilteringBuildParticipant - Executing resource filtering for FOOTBALLSPRINGBOOT
2025-09-05 23:46:34,935 [Worker-26: Building] INFO  o.e.m.c.i.l.LifecycleMappingFactory - Using org.maven.ide.eclipse.wtp.WarLifecycleMapping lifecycle mapping for MavenProject: com.klef.dev:FOOTBALLSPRINGBOOT:0.0.1-SNAPSHOT @ C:\JENKINS PRACTICE\FOOTBALLSPRINGBOOT\pom.xml.
2025-09-05 23:46:36,249 [Worker-26: Building] INFO  o.a.m.s.f.DefaultMavenResourcesFiltering - Copying 0 resource from src\main\resources to target\classes
2025-09-05 23:46:36,250 [Worker-26: Building] INFO  o.a.m.s.f.DefaultMavenResourcesFiltering - Copying 0 resource from src\main\resources to target\classes
2025-09-05 23:46:36,255 [Worker-26: Building] INFO  o.a.m.s.f.DefaultMavenResourcesFiltering - skip non existing resourceDirectory C:\JENKINS PRACTICE\FOOTBALLSPRINGBOOT\src\test\resources
2025-09-05 23:46:36,256 [Worker-26: Building] INFO  o.e.m.w.i.f.ResourceFilteringBuildParticipant - Changed resources require a complete clean of filtered resources of FOOTBALLSPRINGBOOT
2025-09-05 23:46:36,256 [Worker-26: Building] INFO  o.e.m.w.i.f.ResourceFilteringBuildParticipant - Executing resource filtering for FOOTBALLSPRINGBOOT
